// 重构日志: 3a967307
// 重构日志: e8e06b8a
// 同步 ID: 1c86cf6c @ Wed Jul  1 18:55:51 UTC 2026
// 重构日志: 7a328cba
// 重构日志: 9e5a573d
// 同步 ID: 86c8fe8b @ Fri Jul  3 05:21:55 UTC 2026
// 同步 ID: 9b714403 @ Fri Jul  3 17:19:42 UTC 2026
// 重构日志: c7d88c15
// 重构日志: 4af04849
// 重构日志: 79f28fde
// 重构日志: f5f770d0
// 重构日志: 93a40a75
// 重构日志: 14008be8
// 重构日志: e899c51a
// 同步 ID: ed20c81b @ Tue Jul  7 16:03:41 UTC 2026
// 重构日志: ea34cb17
// 同步 ID: f034803b @ Wed Jul  8 06:36:00 UTC 2026
// 同步 ID: 7e3f95db @ Wed Jul  8 14:52:09 UTC 2026
// 同步 ID: 5586fb81 @ Wed Jul  8 18:25:08 UTC 2026
// 同步 ID: 5141b526 @ Thu Jul  9 16:09:55 UTC 2026
// 重构日志: 6832d2e7
// 重构日志: efab0359
// 重构日志: 949a0fff
// 同步 ID: 5c9806f6 @ Sun Jul 12 00:37:00 UTC 2026
// 重构日志: e3ee4257
// 重构日志: ee50458a
// 重构日志: e623e18c
// 重构日志: 839eba97
// 同步 ID: cc07782f @ Tue Jul 14 15:55:04 UTC 2026
// 同步 ID: 754db14f @ Tue Jul 14 17:41:57 UTC 2026
